  Source.c
C:\Users\student\Desktop\test\vj1\Source.c(24,9): warning C4098: 'main': 'void' function returning a value
C:\Users\student\Desktop\test\vj1\Source.c(31,3): warning C4098: 'main': 'void' function returning a value
C:\Users\student\Desktop\test\vj1\Source.c(34,28): warning C4047: 'function': 'student *' differs in levels of indirection from 'int'
C:\Users\student\Desktop\test\vj1\Source.c(34,27): warning C4024: 'loadStudents': different types for formal and actual parameter 2
C:\Users\student\Desktop\test\vj1\Source.c(34,30): warning C4020: 'loadStudents': too many actual parameters
C:\Users\student\Desktop\test\vj1\Source.c(35,9): warning C4098: 'main': 'void' function returning a value
C:\Users\student\Desktop\test\vj1\Source.c(70,13): warning C4477: 'fscanf' : format string '%d' requires an argument of type 'int *', but variadic argument 1 has type 'char *'
C:\Users\student\Desktop\test\vj1\Source.c(70,13): message : consider using '%hhd' in the format string
C:\Users\student\Desktop\test\vj1\Source.c(70,60): warning C4474: 'fscanf' : too many arguments passed for format string
C:\Users\student\Desktop\test\vj1\Source.c(70,60): message : placeholders and their parameters expect 1 variadic arguments, but 3 were provided
C:\Users\student\Desktop\test\vj1\Source.c(83,9): warning C4477: 'printf' : format string '%*c' requires an argument of type 'int', but variadic argument 2 has type 'char *'
C:\Users\student\Desktop\test\vj1\Source.c(83,9): message : this argument is used by a conversion specifier
C:\Users\student\Desktop\test\vj1\Source.c(83,9): warning C4313: 'printf': '%c' in format string conflicts with argument 2 of type 'char *'
C:\Users\student\Desktop\test\vj1\Source.c(83,9): warning C4477: 'printf' : format string '%*c' requires an argument of type 'int', but variadic argument 1 has type 'char *'
C:\Users\student\Desktop\test\vj1\Source.c(83,9): message : this argument is used as a field width
C:\Users\student\Desktop\test\vj1\Source.c(83,9): warning C4313: 'printf': '%c' in format string conflicts with argument 1 of type 'char *'
C:\Users\student\Desktop\test\vj1\Source.c(83,9): warning C4473: 'printf' : not enough arguments passed for format string
C:\Users\student\Desktop\test\vj1\Source.c(83,9): message : placeholders and their parameters expect 5 variadic arguments, but 3 were provided
C:\Users\student\Desktop\test\vj1\Source.c(83,9): message : the missing variadic argument 4 is required by format string '%*c'
C:\Users\student\Desktop\test\vj1\Source.c(83,9): message : this argument is used by a conversion specifier
  vj1.vcxproj -> C:\Users\student\Desktop\test\vj1\x64\Debug\vj1.exe
